15:52:30.057 [main] INFO  baseclasses.Baseclass - cliked on elemnet :password_Xpath value typed is :nothing
15:52:30.187 [main] INFO  baseclasses.Baseclass - cliked on elemnet :confirmation_Xpath value typed is :nothing
15:52:32.531 [main] INFO  baseclasses.Baseclass - cliked on elemnet :register_Xpath
15:52:35.958 [main] INFO  baseclasses.Baseclass - cliked on elemnet :tvmenu_Xpath
15:52:38.946 [main] INFO  baseclasses.Baseclass - cliked on elemnet :addtowishlist_Xpath
15:52:41.219 [main] INFO  baseclasses.Baseclass - cliked on elemnet :share_Xpath
15:52:41.309 [main] INFO  baseclasses.Baseclass - cliked on elemnet :shareemail_Xpath value typed is :madhuvanapalli4050@gmail.com
15:52:41.556 [main] INFO  baseclasses.Baseclass - cliked on elemnet :sharemess_Xpath value typed is :automation project
15:52:42.783 [main] INFO  baseclasses.Baseclass - cliked on elemnet :share_Xpath
15:54:25.651 [main] INFO  baseclasses.Baseclass - loaded config file
15:54:25.661 [main] INFO  baseclasses.Baseclass - loaded object file
15:54:29.188 [main] INFO  baseclasses.Baseclass - driver intilised
15:54:36.570 [main] INFO  baseclasses.Baseclass - cliked on elemnet :account_Xpath
15:54:38.976 [main] INFO  baseclasses.Baseclass - cliked on elemnet :myaccount_Xpath
15:54:45.668 [main] ERROR baseclasses.Baseclass - Error on clicking elemnet :email_Xpath and typing value  :randomnothing123@gmail
15:54:49.716 [main] ERROR baseclasses.Baseclass - Error on clicking elemnet :password_Xpath and typing value  :nothing
15:54:53.745 [main] ERROR baseclasses.Baseclass - Error on clicking elemnet :login_Xpath
15:54:57.787 [main] ERROR baseclasses.Baseclass - Error on clicking elemnet :addwhislist_Xpath
15:55:01.805 [main] ERROR baseclasses.Baseclass - Error on clicking elemnet :addtocart_Xpath
15:55:05.832 [main] ERROR baseclasses.Baseclass - Error on clicking elemnet :proceedtocheckout_Xpath
15:55:09.859 [main] ERROR baseclasses.Baseclass - Error on clicking elemnet :address_Xpath and typing value  :random
15:55:13.874 [main] ERROR baseclasses.Baseclass - Error on clicking elemnet :city_Xpath and typing value  :Newypkr
15:55:17.891 [main] ERROR baseclasses.Baseclass - Failed to performed a select action on :region_Xpath
15:55:21.923 [main] ERROR baseclasses.Baseclass - Error on clicking elemnet :zipcode_Xpath and typing value  :542896
15:55:25.949 [main] ERROR baseclasses.Baseclass - Error on clicking elemnet :telephone_Xpath and typing value  :123456789
15:55:29.984 [main] ERROR baseclasses.Baseclass - Error on clicking elemnet :continue_Xpath
15:55:32.140 [main] INFO  baseclasses.Baseclass - loaded config file
15:55:32.146 [main] INFO  baseclasses.Baseclass - loaded object file
15:55:35.529 [main] INFO  baseclasses.Baseclass - driver intilised
15:55:41.744 [main] INFO  baseclasses.Baseclass - cliked on elemnet :account_Xpath
15:55:43.875 [main] INFO  baseclasses.Baseclass - cliked on elemnet :myaccount_Xpath
15:55:43.993 [main] INFO  baseclasses.Baseclass - cliked on elemnet :emaillogin_Xpath value typed is :randomnothing123@gmail
15:55:44.113 [main] INFO  baseclasses.Baseclass - cliked on elemnet :passwordlogin_Xpath value typed is :nothing
15:55:44.210 [main] INFO  baseclasses.Baseclass - cliked on elemnet :login_Xpath
15:55:49.308 [main] ERROR baseclasses.Baseclass - Error on clicking elemnet :addwhislist_Xpath
15:55:52.529 [main] ERROR baseclasses.Baseclass - Error on clicking elemnet :addtocart_Xpath
15:55:56.552 [main] ERROR baseclasses.Baseclass - Error on clicking elemnet :proceedtocheckout_Xpath
15:56:00.599 [main] ERROR baseclasses.Baseclass - Error on clicking elemnet :address_Xpath and typing value  :random
15:56:04.614 [main] ERROR baseclasses.Baseclass - Error on clicking elemnet :city_Xpath and typing value  :Newypkr
15:56:07.547 [main] INFO  baseclasses.Baseclass - loaded config file
15:56:07.553 [main] INFO  baseclasses.Baseclass - loaded object file
15:56:08.660 [main] ERROR baseclasses.Baseclass - Failed to performed a select action on :region_Xpath
15:56:11.009 [main] INFO  baseclasses.Baseclass - driver intilised
15:56:12.688 [main] ERROR baseclasses.Baseclass - Error on clicking elemnet :zipcode_Xpath and typing value  :542896
15:56:16.711 [main] ERROR baseclasses.Baseclass - Error on clicking elemnet :telephone_Xpath and typing value  :123456789
15:56:20.737 [main] ERROR baseclasses.Baseclass - Error on clicking elemnet :continue_Xpath
15:56:27.079 [main] INFO  baseclasses.Baseclass - cliked on elemnet :account_Xpath
15:56:30.013 [main] INFO  baseclasses.Baseclass - cliked on elemnet :myaccount_Xpath
15:56:30.136 [main] INFO  baseclasses.Baseclass - cliked on elemnet :emaillogin_Xpath value typed is :randomnothing123@gmail.com
15:56:30.229 [main] INFO  baseclasses.Baseclass - cliked on elemnet :passwordlogin_Xpath value typed is :nothing
15:56:32.892 [main] INFO  baseclasses.Baseclass - cliked on elemnet :login_Xpath
15:56:36.872 [main] INFO  baseclasses.Baseclass - cliked on elemnet :addwhislist_Xpath
15:57:33.503 [main] INFO  baseclasses.Baseclass - cliked on elemnet :addtocart_Xpath
15:57:37.619 [main] INFO  baseclasses.Baseclass - cliked on elemnet :proceedtocheckout_Xpath
15:57:37.776 [main] INFO  baseclasses.Baseclass - cliked on elemnet :address_Xpath value typed is :random
15:57:38.042 [main] INFO  baseclasses.Baseclass - cliked on elemnet :city_Xpath value typed is :Newypkr
15:57:38.238 [main] INFO  baseclasses.Baseclass - performed a select action on :region_Xpath
